<?xml version="1.0" encoding="UTF-8"?>
<testsuite name="sd02.repository.SimpleBookClientOrderTest" tests="1" skipped="0" failures="0" errors="0" timestamp="2020-03-24T09:26:57" hostname="Claudius-MacBook-Air.local" time="0.382">
  <properties/>
  <testcase name="test1" classname="sd02.repository.SimpleBookClientOrderTest" time="0.382"/>
  <system-out><![CDATA[]]></system-out>
  <system-err><![CDATA[]]></system-err>
</testsuite>
